2016/01/25 15:33:03 [alert] 10251#0: lua_code_cache is off; this will hurt performance in ./conf/nginx.conf:12
2016/01/25 15:33:03 [emerg] 10251#0: bind() to 0.0.0.0:6699 failed (98: Address already in use)
2016/01/25 15:33:03 [emerg] 10251#0: bind() to 0.0.0.0:6699 failed (98: Address already in use)
2016/01/25 15:33:03 [emerg] 10251#0: bind() to 0.0.0.0:6699 failed (98: Address already in use)
2016/01/25 15:33:03 [emerg] 10251#0: bind() to 0.0.0.0:6699 failed (98: Address already in use)
2016/01/25 15:33:03 [emerg] 10251#0: bind() to 0.0.0.0:6699 failed (98: Address already in use)
2016/01/25 15:33:03 [emerg] 10251#0: still could not bind()
2016/01/25 15:49:43 [alert] 10412#0: lua_code_cache is off; this will hurt performance in ./conf/nginx.conf:12
2016/01/25 15:49:54 [error] 10414#0: *1 "./html/index.html" is not found (2: No such file or directory), client: 127.0.0.1, server: , request: "GET / HTTP/1.1", host: "localhost:6699"
2016/01/25 15:49:54 [error] 10414#0: *1 open() "./html/favicon.ico" failed (2: No such file or directory), client: 127.0.0.1, server: , request: "GET /favicon.ico HTTP/1.1", host: "localhost:6699", referrer: "http://localhost:6699/"
2016/01/25 15:50:09 [alert] 10421#0: lua_code_cache is off; this will hurt performance in ./conf/nginx.conf:12
2016/01/25 15:50:09 [emerg] 10421#0: bind() to 0.0.0.0:6699 failed (98: Address already in use)
2016/01/25 15:50:09 [emerg] 10421#0: bind() to 0.0.0.0:6699 failed (98: Address already in use)
2016/01/25 15:50:09 [emerg] 10421#0: bind() to 0.0.0.0:6699 failed (98: Address already in use)
2016/01/25 15:50:09 [emerg] 10421#0: bind() to 0.0.0.0:6699 failed (98: Address already in use)
2016/01/25 15:50:09 [emerg] 10421#0: bind() to 0.0.0.0:6699 failed (98: Address already in use)
2016/01/25 15:50:09 [emerg] 10421#0: still could not bind()
2016/01/25 16:26:42 [alert] 10789#0: lua_code_cache is off; this will hurt performance in /home/sky/openresty-test/conf/nginx.conf:12
2016/01/25 16:26:42 [notice] 10789#0: signal process started
2016/01/25 16:26:47 [alert] 10793#0: lua_code_cache is off; this will hurt performance in /home/sky/openresty-test/conf/nginx.conf:12
2016/01/25 16:26:47 [notice] 10793#0: signal process started
2016/01/25 16:26:55 [alert] 10797#0: lua_code_cache is off; this will hurt performance in /home/sky/openresty-test/conf/nginx.conf:12
2016/01/25 16:27:15 [error] 10800#0: *1 open() "/home/sky/openresty-test/html/add" failed (2: No such file or directory), client: 127.0.0.1, server: , request: "GET /add HTTP/1.1", host: "localhost:6699"
2016/01/25 16:27:21 [error] 10800#0: *1 "/home/sky/openresty-test/html/index.html" is not found (2: No such file or directory), client: 127.0.0.1, server: , request: "GET / HTTP/1.1", host: "localhost:6699"
2016/01/25 16:27:41 [error] 10800#0: *1 open() "/home/sky/openresty-test/html/add" failed (2: No such file or directory), client: 127.0.0.1, server: , request: "GET /add HTTP/1.1", host: "localhost:6699"
2016/01/25 16:28:01 [error] 10800#0: *1 open() "/home/sky/openresty-test/html/add.lua" failed (2: No such file or directory), client: 127.0.0.1, server: , request: "GET /add.lua HTTP/1.1", host: "localhost:6699"
2016/01/25 16:28:30 [error] 10800#0: *1 lua entry thread aborted: runtime error: /home/sky/openresty-test/lua/access_check.lua:1: module 'comm.param' not found:
	no field package.preload['comm.param']
	no file 'lua/comm/param.lua'
	no file '/blah/comm/param.lua'
	no file '/usr/local/openresty/lualib/comm/param.lua'
	no file '/usr/local/openresty/lualib/comm/param/init.lua'
	no file './comm/param.lua'
	no file '/usr/local/openresty/luajit/share/luajit-2.1.0-beta1/comm/param.lua'
	no file '/usr/local/share/lua/5.1/comm/param.lua'
	no file '/usr/local/share/lua/5.1/comm/param/init.lua'
	no file '/usr/local/openresty/luajit/share/lua/5.1/comm/param.lua'
	no file '/usr/local/openresty/luajit/share/lua/5.1/comm/param/init.lua'
	no file '/usr/local/openresty/lualib/comm/param.so'
	no file './comm/param.so'
	no file '/usr/local/lib/lua/5.1/comm/param.so'
	no file '/usr/local/openresty/luajit/lib/lua/5.1/comm/param.so'
	no file '/usr/local/lib/lua/5.1/loadall.so'
	no file '/usr/local/openresty/lualib/comm.so'
	no file './comm.so'
	no file '/usr/local/lib/lua/5.1/comm.so'
	no file '/usr/local/openresty/luajit/lib/lua/5.1/comm.so'
	no file '/usr/local/lib/lua/5.1/loadall.so'
stack traceback:
coroutine 0:
	[C]: in function 'require'
	/home/sky/openresty-test/lua/access_check.lua:1: in function </home/sky/openresty-test/lua/access_check.lua:1>, client: 127.0.0.1, server: , request: "GET /api/add HTTP/1.1", host: "localhost:6699"
2016/01/25 16:28:41 [error] 10800#0: *5 lua entry thread aborted: runtime error: /home/sky/openresty-test/lua/access_check.lua:1: module 'comm.param' not found:
	no field package.preload['comm.param']
	no file 'lua/comm/param.lua'
	no file '/blah/comm/param.lua'
	no file '/usr/local/openresty/lualib/comm/param.lua'
	no file '/usr/local/openresty/lualib/comm/param/init.lua'
	no file './comm/param.lua'
	no file '/usr/local/openresty/luajit/share/luajit-2.1.0-beta1/comm/param.lua'
	no file '/usr/local/share/lua/5.1/comm/param.lua'
	no file '/usr/local/share/lua/5.1/comm/param/init.lua'
	no file '/usr/local/openresty/luajit/share/lua/5.1/comm/param.lua'
	no file '/usr/local/openresty/luajit/share/lua/5.1/comm/param/init.lua'
	no file '/usr/local/openresty/lualib/comm/param.so'
	no file './comm/param.so'
	no file '/usr/local/lib/lua/5.1/comm/param.so'
	no file '/usr/local/openresty/luajit/lib/lua/5.1/comm/param.so'
	no file '/usr/local/lib/lua/5.1/loadall.so'
	no file '/usr/local/openresty/lualib/comm.so'
	no file './comm.so'
	no file '/usr/local/lib/lua/5.1/comm.so'
	no file '/usr/local/openresty/luajit/lib/lua/5.1/comm.so'
	no file '/usr/local/lib/lua/5.1/loadall.so'
stack traceback:
coroutine 0:
	[C]: in function 'require'
	/home/sky/openresty-test/lua/access_check.lua:1: in function </home/sky/openresty-test/lua/access_check.lua:1>, client: 127.0.0.1, server: , request: "GET /api/add?a=1&b=2 HTTP/1.1", host: "localhost:6699"
2016/01/25 16:35:01 [error] 10800#0: *6 lua entry thread aborted: runtime error: /home/sky/openresty-test/lua/access_check.lua:1: module 'param' not found:
	no field package.preload['param']
	no file 'lua/param.lua'
	no file '/blah/param.lua'
	no file '/usr/local/openresty/lualib/param.lua'
	no file '/usr/local/openresty/lualib/param/init.lua'
	no file './param.lua'
	no file '/usr/local/openresty/luajit/share/luajit-2.1.0-beta1/param.lua'
	no file '/usr/local/share/lua/5.1/param.lua'
	no file '/usr/local/share/lua/5.1/param/init.lua'
	no file '/usr/local/openresty/luajit/share/lua/5.1/param.lua'
	no file '/usr/local/openresty/luajit/share/lua/5.1/param/init.lua'
	no file '/usr/local/openresty/lualib/param.so'
	no file './param.so'
	no file '/usr/local/lib/lua/5.1/param.so'
	no file '/usr/local/openresty/luajit/lib/lua/5.1/param.so'
	no file '/usr/local/lib/lua/5.1/loadall.so'
stack traceback:
coroutine 0:
	[C]: in function 'require'
	/home/sky/openresty-test/lua/access_check.lua:1: in function </home/sky/openresty-test/lua/access_check.lua:1>, client: 127.0.0.1, server: , request: "GET /api/add?a=1&b=2 HTTP/1.1", host: "localhost:6699"
2016/01/25 16:35:03 [error] 10800#0: *7 lua entry thread aborted: runtime error: /home/sky/openresty-test/lua/access_check.lua:1: module 'param' not found:
	no field package.preload['param']
	no file 'lua/param.lua'
	no file '/blah/param.lua'
	no file '/usr/local/openresty/lualib/param.lua'
	no file '/usr/local/openresty/lualib/param/init.lua'
	no file './param.lua'
	no file '/usr/local/openresty/luajit/share/luajit-2.1.0-beta1/param.lua'
	no file '/usr/local/share/lua/5.1/param.lua'
	no file '/usr/local/share/lua/5.1/param/init.lua'
	no file '/usr/local/openresty/luajit/share/lua/5.1/param.lua'
	no file '/usr/local/openresty/luajit/share/lua/5.1/param/init.lua'
	no file '/usr/local/openresty/lualib/param.so'
	no file './param.so'
	no file '/usr/local/lib/lua/5.1/param.so'
	no file '/usr/local/openresty/luajit/lib/lua/5.1/param.so'
	no file '/usr/local/lib/lua/5.1/loadall.so'
stack traceback:
coroutine 0:
	[C]: in function 'require'
	/home/sky/openresty-test/lua/access_check.lua:1: in function </home/sky/openresty-test/lua/access_check.lua:1>, client: 127.0.0.1, server: , request: "GET /api/add?a=1&b=2 HTTP/1.1", host: "localhost:6699"
2016/01/25 16:37:22 [error] 10800#0: *8 lua entry thread aborted: runtime error: /home/sky/openresty-test/lua/access_check.lua:1: module 'comm.param' not found:
	no field package.preload['comm.param']
	no file 'lua/comm/param.lua'
	no file '/blah/comm/param.lua'
	no file '/usr/local/openresty/lualib/comm/param.lua'
	no file '/usr/local/openresty/lualib/comm/param/init.lua'
	no file './comm/param.lua'
	no file '/usr/local/openresty/luajit/share/luajit-2.1.0-beta1/comm/param.lua'
	no file '/usr/local/share/lua/5.1/comm/param.lua'
	no file '/usr/local/share/lua/5.1/comm/param/init.lua'
	no file '/usr/local/openresty/luajit/share/lua/5.1/comm/param.lua'
	no file '/usr/local/openresty/luajit/share/lua/5.1/comm/param/init.lua'
	no file '/usr/local/openresty/lualib/comm/param.so'
	no file './comm/param.so'
	no file '/usr/local/lib/lua/5.1/comm/param.so'
	no file '/usr/local/openresty/luajit/lib/lua/5.1/comm/param.so'
	no file '/usr/local/lib/lua/5.1/loadall.so'
	no file '/usr/local/openresty/lualib/comm.so'
	no file './comm.so'
	no file '/usr/local/lib/lua/5.1/comm.so'
	no file '/usr/local/openresty/luajit/lib/lua/5.1/comm.so'
	no file '/usr/local/lib/lua/5.1/loadall.so'
stack traceback:
coroutine 0:
	[C]: in function 'require'
	/home/sky/openresty-test/lua/access_check.lua:1: in function </home/sky/openresty-test/lua/access_check.lua:1>, client: 127.0.0.1, server: , request: "GET /api/add?a=1&b=2 HTTP/1.1", host: "localhost:6699"
2016/01/25 16:47:05 [alert] 10969#0: lua_code_cache is off; this will hurt performance in /home/sky/openresty-test/conf/nginx.conf:12
2016/01/25 16:47:05 [notice] 10969#0: signal process started
2016/01/25 16:47:06 [alert] 10971#0: lua_code_cache is off; this will hurt performance in /home/sky/openresty-test/conf/nginx.conf:12
2016/01/25 16:47:16 [error] 10974#0: *1 lua entry thread aborted: runtime error: /home/sky/openresty-test/lua/access_check.lua:1: module 'comm.param' not found:
	no field package.preload['comm.param']
	no file 'lua/comm/param.lua'
	no file 'lua/comm/comm/param.lua'
	no file '/blah/comm/param.lua'
	no file '/usr/local/openresty/lualib/comm/param.lua'
	no file '/usr/local/openresty/lualib/comm/param/init.lua'
	no file './comm/param.lua'
	no file '/usr/local/openresty/luajit/share/luajit-2.1.0-beta1/comm/param.lua'
	no file '/usr/local/share/lua/5.1/comm/param.lua'
	no file '/usr/local/share/lua/5.1/comm/param/init.lua'
	no file '/usr/local/openresty/luajit/share/lua/5.1/comm/param.lua'
	no file '/usr/local/openresty/luajit/share/lua/5.1/comm/param/init.lua'
	no file '/usr/local/openresty/lualib/comm/param.so'
	no file './comm/param.so'
	no file '/usr/local/lib/lua/5.1/comm/param.so'
	no file '/usr/local/openresty/luajit/lib/lua/5.1/comm/param.so'
	no file '/usr/local/lib/lua/5.1/loadall.so'
	no file '/usr/local/openresty/lualib/comm.so'
	no file './comm.so'
	no file '/usr/local/lib/lua/5.1/comm.so'
	no file '/usr/local/openresty/luajit/lib/lua/5.1/comm.so'
	no file '/usr/local/lib/lua/5.1/loadall.so'
stack traceback:
coroutine 0:
	[C]: in function 'require'
	/home/sky/openresty-test/lua/access_check.lua:1: in function </home/sky/openresty-test/lua/access_check.lua:1>, client: 127.0.0.1, server: , request: "GET /api/add?a=1&b=2 HTTP/1.1", host: "localhost:6699"
2016/01/25 16:47:19 [error] 10974#0: *2 lua entry thread aborted: runtime error: /home/sky/openresty-test/lua/access_check.lua:1: module 'comm.param' not found:
	no field package.preload['comm.param']
	no file 'lua/comm/param.lua'
	no file 'lua/comm/comm/param.lua'
	no file '/blah/comm/param.lua'
	no file '/usr/local/openresty/lualib/comm/param.lua'
	no file '/usr/local/openresty/lualib/comm/param/init.lua'
	no file './comm/param.lua'
	no file '/usr/local/openresty/luajit/share/luajit-2.1.0-beta1/comm/param.lua'
	no file '/usr/local/share/lua/5.1/comm/param.lua'
	no file '/usr/local/share/lua/5.1/comm/param/init.lua'
	no file '/usr/local/openresty/luajit/share/lua/5.1/comm/param.lua'
	no file '/usr/local/openresty/luajit/share/lua/5.1/comm/param/init.lua'
	no file '/usr/local/openresty/lualib/comm/param.so'
	no file './comm/param.so'
	no file '/usr/local/lib/lua/5.1/comm/param.so'
	no file '/usr/local/openresty/luajit/lib/lua/5.1/comm/param.so'
	no file '/usr/local/lib/lua/5.1/loadall.so'
	no file '/usr/local/openresty/lualib/comm.so'
	no file './comm.so'
	no file '/usr/local/lib/lua/5.1/comm.so'
	no file '/usr/local/openresty/luajit/lib/lua/5.1/comm.so'
	no file '/usr/local/lib/lua/5.1/loadall.so'
stack traceback:
coroutine 0:
	[C]: in function 'require'
	/home/sky/openresty-test/lua/access_check.lua:1: in function </home/sky/openresty-test/lua/access_check.lua:1>, client: 127.0.0.1, server: , request: "GET /api/add?a=1&b=2 HTTP/1.1", host: "localhost:6699"
2016/01/25 19:01:57 [alert] 11179#0: lua_code_cache is off; this will hurt performance in /home/sky/openresty-test/conf/nginx.conf:12
2016/01/25 19:01:57 [notice] 11179#0: signal process started
2016/01/25 19:01:58 [alert] 11181#0: lua_code_cache is off; this will hurt performance in /home/sky/openresty-test/conf/nginx.conf:12
